<?xml version="1.0" encoding="UTF-8"?>
<!-- Generated by org.testng.reporters.JUnitXMLReporter -->
<testsuite ignored="0" hostname="LAPTOP-N4LC424N" failures="1" tests="1" name="Test" time="5.778" errors="0" timestamp="2025-03-12T21:02:51 IST">
  <testcase classname="testCases.TC02_LoginPageTest" name="verify_login" time="0.71">
    <failure type="java.lang.AssertionError" message="null">
      <![CDATA[java.lang.AssertionError: null
at testCases.TC02_LoginPageTest.verify_login(TC02_LoginPageTest.java:28)
at java.base/java.util.ArrayList.forEach(ArrayList.java:1596)
... Removed 27 stack frames]]>
    </failure>
  </testcase> <!-- verify_login -->
</testsuite> <!-- Test -->
